<?xml version="1.0" encoding="UTF-8"?>
<!-- Generated by org.testng.reporters.JUnitXMLReporter -->
<testsuite ignored="0" hostname="LAPTOP-MC9N9JRG" failures="6" tests="6" name="Test_1" time="0.061" errors="0" timestamp="2025-06-10T16:53:09 IST">
  <testcase classname="OrganizationModule.OrganizationAllTestSenarios" name="CreateOrganisation_IndustryAndType" time="0.0">
    <failure type="org.testng.TestNGException" message="
Parameter &amp;apos;browser&amp;apos; is required by @Test on method CreateOrganisation_IndustryAndType but has not been marked @Optional or defined
in C:\Users\91897\eclipse-workspace\VTiger\ParallelDist.xml">
      <![CDATA[org.testng.TestNGException: 
Parameter 'browser' is required by @Test on method CreateOrganisation_IndustryAndType but has not been marked @Optional or defined
in C:\Users\91897\eclipse-workspace\VTiger\ParallelDist.xml
at java.base/java.util.ArrayList.forEach(ArrayList.java:1511)
at java.base/java.util.concurrent.FutureTask.run(FutureTask.java:264)
at java.base/java.util.concurrent.ThreadPoolExecutor.runWorker(ThreadPoolExecutor.java:1136)
at java.base/java.util.concurrent.ThreadPoolExecutor$Worker.run(ThreadPoolExecutor.java:635)
at java.base/java.lang.Thread.run(Thread.java:833)
... Removed 16 stack frames]]>
    </failure>
  </testcase> <!-- CreateOrganisation_IndustryAndType -->
  <testcase classname="OrganizationModule.OrganizationAllTestSenarios" name="Createneworg" time="0.0">
    <failure type="org.testng.TestNGException" message="
Parameter &amp;apos;browser&amp;apos; is required by @Test on method Createneworg but has not been marked @Optional or defined
in C:\Users\91897\eclipse-workspace\VTiger\ParallelDist.xml">
      <![CDATA[org.testng.TestNGException: 
Parameter 'browser' is required by @Test on method Createneworg but has not been marked @Optional or defined
in C:\Users\91897\eclipse-workspace\VTiger\ParallelDist.xml
at java.base/java.util.ArrayList.forEach(ArrayList.java:1511)
at java.base/java.util.concurrent.FutureTask.run(FutureTask.java:264)
at java.base/java.util.concurrent.ThreadPoolExecutor.runWorker(ThreadPoolExecutor.java:1136)
at java.base/java.util.concurrent.ThreadPoolExecutor$Worker.run(ThreadPoolExecutor.java:635)
at java.base/java.lang.Thread.run(Thread.java:833)
... Removed 16 stack frames]]>
    </failure>
  </testcase> <!-- Createneworg -->
  <testcase classname="OrganizationModule.OrganizationAllTestSenarios" name="createorgphone" time="0.0">
    <failure type="org.testng.TestNGException" message="
Parameter &amp;apos;browser&amp;apos; is required by @Test on method createorgphone but has not been marked @Optional or defined
in C:\Users\91897\eclipse-workspace\VTiger\ParallelDist.xml">
      <![CDATA[org.testng.TestNGException: 
Parameter 'browser' is required by @Test on method createorgphone but has not been marked @Optional or defined
in C:\Users\91897\eclipse-workspace\VTiger\ParallelDist.xml
at java.base/java.util.ArrayList.forEach(ArrayList.java:1511)
at java.base/java.util.concurrent.FutureTask.run(FutureTask.java:264)
at java.base/java.util.concurrent.ThreadPoolExecutor.runWorker(ThreadPoolExecutor.java:1136)
at java.base/java.util.concurrent.ThreadPoolExecutor$Worker.run(ThreadPoolExecutor.java:635)
at java.base/java.lang.Thread.run(Thread.java:833)
... Removed 16 stack frames]]>
    </failure>
  </testcase> <!-- createorgphone -->
  <testcase classname="ContactModule.ContactAllTestSenarios" name="CreateContactWithOrg" time="0.0">
    <failure type="org.testng.TestNGException" message="
Parameter &amp;apos;browser&amp;apos; is required by @Test on method CreateContactWithOrg but has not been marked @Optional or defined
in C:\Users\91897\eclipse-workspace\VTiger\ParallelDist.xml">
      <![CDATA[org.testng.TestNGException: 
Parameter 'browser' is required by @Test on method CreateContactWithOrg but has not been marked @Optional or defined
in C:\Users\91897\eclipse-workspace\VTiger\ParallelDist.xml
at java.base/java.util.ArrayList.forEach(ArrayList.java:1511)
at java.base/java.util.concurrent.FutureTask.run(FutureTask.java:264)
at java.base/java.util.concurrent.ThreadPoolExecutor.runWorker(ThreadPoolExecutor.java:1136)
at java.base/java.util.concurrent.ThreadPoolExecutor$Worker.run(ThreadPoolExecutor.java:635)
at java.base/java.lang.Thread.run(Thread.java:833)
... Removed 16 stack frames]]>
    </failure>
  </testcase> <!-- CreateContactWithOrg -->
  <testcase classname="ContactModule.ContactAllTestSenarios" name="CreateConttName" time="0.0">
    <failure type="org.testng.TestNGException" message="
Parameter &amp;apos;browser&amp;apos; is required by @Test on method CreateConttName but has not been marked @Optional or defined
in C:\Users\91897\eclipse-workspace\VTiger\ParallelDist.xml">
      <![CDATA[org.testng.TestNGException: 
Parameter 'browser' is required by @Test on method CreateConttName but has not been marked @Optional or defined
in C:\Users\91897\eclipse-workspace\VTiger\ParallelDist.xml
at java.base/java.util.ArrayList.forEach(ArrayList.java:1511)
at java.base/java.util.concurrent.FutureTask.run(FutureTask.java:264)
at java.base/java.util.concurrent.ThreadPoolExecutor.runWorker(ThreadPoolExecutor.java:1136)
at java.base/java.util.concurrent.ThreadPoolExecutor$Worker.run(ThreadPoolExecutor.java:635)
at java.base/java.lang.Thread.run(Thread.java:833)
... Removed 16 stack frames]]>
    </failure>
  </testcase> <!-- CreateConttName -->
  <testcase classname="ContactModule.ContactAllTestSenarios" name="CreateConttsupportdate" time="0.0">
    <failure type="org.testng.TestNGException" message="
Parameter &amp;apos;browser&amp;apos; is required by @Test on method CreateConttsupportdate but has not been marked @Optional or defined
in C:\Users\91897\eclipse-workspace\VTiger\ParallelDist.xml">
      <![CDATA[org.testng.TestNGException: 
Parameter 'browser' is required by @Test on method CreateConttsupportdate but has not been marked @Optional or defined
in C:\Users\91897\eclipse-workspace\VTiger\ParallelDist.xml
at java.base/java.util.ArrayList.forEach(ArrayList.java:1511)
at java.base/java.util.concurrent.FutureTask.run(FutureTask.java:264)
at java.base/java.util.concurrent.ThreadPoolExecutor.runWorker(ThreadPoolExecutor.java:1136)
at java.base/java.util.concurrent.ThreadPoolExecutor$Worker.run(ThreadPoolExecutor.java:635)
at java.base/java.lang.Thread.run(Thread.java:833)
... Removed 16 stack frames]]>
    </failure>
  </testcase> <!-- CreateConttsupportdate -->
</testsuite> <!-- Test_1 -->
